0 info it worked if it ends with ok
1 verbose cli [ '/Users/shun/.nvm/versions/node/v6.10.1/bin/node',
1 verbose cli   '/Users/shun/.nvm/versions/node/v6.10.1/bin/npm',
1 verbose cli   'publish' ]
2 info using npm@3.10.10
3 info using node@v6.10.1
4 verbose publish [ '.' ]
5 silly cache add args [ '.', null ]
6 verbose cache add spec .
7 silly cache add parsed spec Result {
7 silly cache add   raw: '.',
7 silly cache add   scope: null,
7 silly cache add   escapedName: null,
7 silly cache add   name: null,
7 silly cache add   rawSpec: '.',
7 silly cache add   spec: '/Users/shun/dev/oss/video-thumbnail-generator-for-cloud-functions',
7 silly cache add   type: 'directory' }
8 verbose addLocalDirectory /Users/shun/.npm/video-thumbnail-generator-for-cloud-functions/1.1.2/package.tgz not in flight; packing
9 verbose correctMkdir /Users/shun/.npm correctMkdir not in flight; initializing
10 info lifecycle video-thumbnail-generator-for-cloud-functions@1.1.2~prepublish: video-thumbnail-generator-for-cloud-functions@1.1.2
11 verbose lifecycle video-thumbnail-generator-for-cloud-functions@1.1.2~prepublish: unsafe-perm in lifecycle true
12 verbose lifecycle video-thumbnail-generator-for-cloud-functions@1.1.2~prepublish: PATH: /Users/shun/.nvm/versions/node/v6.10.1/lib/node_modules/npm/bin/node-gyp-bin:/Users/shun/dev/oss/video-thumbnail-generator-for-cloud-functions/node_modules/.bin:/Users/shun/.zplug/bin:/Users/shun/.pyenv/shims:/Users/shun/.nvm/versions/node/v6.10.1/bin:/Users/shun/.rbenv/shims:/Users/shun/.go/bin:/Users/shun/.local/bin:/usr/local/sbin:/Users/shun/dev/oss/google-cloud-sdk/platform/google_appengine:/Users/shun/dev/oss/google-cloud-sdk/bin:/Users/shun/dev/elasticsearch-5.5.0:/Library/Frameworks/Python.framework/Versions/2.7/bin:/opt/local/bin:/opt/local/sbin:/usr/local/bin:/usr/bin:/bin:/usr/sbin:/sbin:/Users/shun/.vim/dein/repos/github.com/junegunn/fzf/bin
13 verbose lifecycle video-thumbnail-generator-for-cloud-functions@1.1.2~prepublish: CWD: /Users/shun/dev/oss/video-thumbnail-generator-for-cloud-functions
14 silly lifecycle video-thumbnail-generator-for-cloud-functions@1.1.2~prepublish: Args: [ '-c', 'gulp prepublish' ]
15 silly lifecycle video-thumbnail-generator-for-cloud-functions@1.1.2~prepublish: Returned: code: 1  signal: null
16 info lifecycle video-thumbnail-generator-for-cloud-functions@1.1.2~prepublish: Failed to exec prepublish script
17 error addLocal Could not install /Users/shun/dev/oss/video-thumbnail-generator-for-cloud-functions
18 verbose stack Error: video-thumbnail-generator-for-cloud-functions@1.1.2 prepublish: `gulp prepublish`
18 verbose stack Exit status 1
18 verbose stack     at EventEmitter.<anonymous> (/Users/shun/.nvm/versions/node/v6.10.1/lib/node_modules/npm/lib/utils/lifecycle.js:255:16)
18 verbose stack     at emitTwo (events.js:106:13)
18 verbose stack     at EventEmitter.emit (events.js:191:7)
18 verbose stack     at ChildProcess.<anonymous> (/Users/shun/.nvm/versions/node/v6.10.1/lib/node_modules/npm/lib/utils/spawn.js:40:14)
18 verbose stack     at emitTwo (events.js:106:13)
18 verbose stack     at ChildProcess.emit (events.js:191:7)
18 verbose stack     at maybeClose (internal/child_process.js:886:16)
18 verbose stack     at Process.ChildProcess._handle.onexit (internal/child_process.js:226:5)
19 verbose pkgid video-thumbnail-generator-for-cloud-functions@1.1.2
20 verbose cwd /Users/shun/dev/oss/video-thumbnail-generator-for-cloud-functions
21 error Darwin 17.2.0
22 error argv "/Users/shun/.nvm/versions/node/v6.10.1/bin/node" "/Users/shun/.nvm/versions/node/v6.10.1/bin/npm" "publish"
23 error node v6.10.1
24 error npm  v3.10.10
25 error code ELIFECYCLE
26 error video-thumbnail-generator-for-cloud-functions@1.1.2 prepublish: `gulp prepublish`
26 error Exit status 1
27 error Failed at the video-thumbnail-generator-for-cloud-functions@1.1.2 prepublish script 'gulp prepublish'.
27 error Make sure you have the latest version of node.js and npm installed.
27 error If you do, this is most likely a problem with the video-thumbnail-generator-for-cloud-functions package,
27 error not with npm itself.
27 error Tell the author that this fails on your system:
27 error     gulp prepublish
27 error You can get information on how to open an issue for this project with:
27 error     npm bugs video-thumbnail-generator-for-cloud-functions
27 error Or if that isn't available, you can get their info via:
27 error     npm owner ls video-thumbnail-generator-for-cloud-functions
27 error There is likely additional logging output above.
28 verbose exit [ 1, true ]
